<?xml version="1.0" encoding="UTF-8"?>
<!-- Generated by org.testng.reporters.JUnitXMLReporter -->
<testsuite hostname="DESKTOP-F6J9ALJ" ignored="0" name="Test" tests="4" failures="0" timestamp="12 Feb 2024 13:37:28 GMT" time="45.106" errors="0">
  <testcase name="registerPageTitleTest" time="0.034" classname="demo.automationtesting.in.testclasses.RegisterTest"/>
  <testcase name="registerUserTest" time="3.129" classname="demo.automationtesting.in.testclasses.RegisterTest"/>
  <testcase name="registerUserTest" time="0.52" classname="demo.automationtesting.in.testclasses.RegisterTest"/>
  <testcase name="registerUserTest" time="0.518" classname="demo.automationtesting.in.testclasses.RegisterTest"/>
</testsuite> <!-- Test -->
