<?xml version="1.0" encoding="UTF-8"?>
<testng-results skipped="0" failed="2" ignored="0" total="2" passed="0">
  <reporter-output>
  </reporter-output>
  <suite name="Default suite" duration-ms="1675" started-at="2024-02-21T16:32:02Z" finished-at="2024-02-21T16:32:04Z">
    <groups>
    </groups>
    <test name="Default test" duration-ms="1675" started-at="2024-02-21T16:32:02Z" finished-at="2024-02-21T16:32:04Z">
      <class name="demo.automationtesting.in.testclasses.RegisterTest">
        <test-method status="FAIL" signature="registerUserTest(java.lang.String, java.lang.String, java.lang.String, java.lang.String, java.lang.String, java.lang.String, java.lang.String, java.lang.String, java.lang.String, java.lang.String, java.lang.String)[pri:1, instance:demo.automationtesting.in.testclasses.RegisterTest@d8355a8]" name="registerUserTest" duration-ms="20" started-at="2024-02-21T22:02:04Z" data-provider="registrationData" finished-at="2024-02-21T22:02:04Z">
          <params>
            <param index="0">
              <value>
                <![CDATA[Priya]]>
              </value>
            </param>
            <param index="1">
              <value>
                <![CDATA[Nakhale]]>
              </value>
            </param>
            <param index="2">
              <value>
                <![CDATA[Pune-414103]]>
              </value>
            </param>
            <param index="3">
              <value>
                <![CDATA[nakhalepriya@gmail.com]]>
              </value>
            </param>
            <param index="4">
              <value>
                <![CDATA[7083646367]]>
              </value>
            </param>
            <param index="5">
              <value>
                <![CDATA[FeMale]]>
              </value>
            </param>
            <param index="6">
              <value>
                <![CDATA[cricket,movies]]>
              </value>
            </param>
            <param index="7">
              <value>
                <![CDATA[greek,hindi]]>
              </value>
            </param>
            <param index="8">
              <value>
                <![CDATA[C]]>
              </value>
            </param>
            <param index="9">
              <value>
                <![CDATA[Select Country]]>
              </value>
            </param>
            <param index="10">
              <value>
                <![CDATA[India]]>
              </value>
            </param>
          </params>
          <exception class="java.lang.NullPointerException">
            <full-stacktrace>
              <![CDATA[java.lang.NullPointerExceptionat demo.automationtesting.in.testclasses.RegisterTest.registerUserTest(RegisterTest.java:39)at sun.reflect.NativeMethodAccessorImpl.invoke0(Native Method)at sun.reflect.NativeMethodAccessorImpl.invoke(Unknown Source)at sun.reflect.DelegatingMethodAccessorImpl.invoke(Unknown Source)at java.lang.reflect.Method.invoke(Unknown Source)at org.testng.internal.MethodInvocationHelper.invokeMethod(MethodInvocationHelper.java:124)at org.testng.internal.Invoker.invokeMethod(Invoker.java:571)at org.testng.internal.Invoker.invokeTestMethod(Invoker.java:707)at org.testng.internal.Invoker.invokeTestMethods(Invoker.java:979)at org.testng.internal.TestMethodWorker.invokeTestMethods(TestMethodWorker.java:125)at org.testng.internal.TestMethodWorker.run(TestMethodWorker.java:109)at org.testng.TestRunner.privateRun(TestRunner.java:648)at org.testng.TestRunner.run(TestRunner.java:505)at org.testng.SuiteRunner.runTest(SuiteRunner.java:455)at org.testng.SuiteRunner.runSequentially(SuiteRunner.java:450)at org.testng.SuiteRunner.privateRun(SuiteRunner.java:415)at org.testng.SuiteRunner.run(SuiteRunner.java:364)at org.testng.SuiteRunnerWorker.runSuite(SuiteRunnerWorker.java:52)at org.testng.SuiteRunnerWorker.run(SuiteRunnerWorker.java:84)at org.testng.TestNG.runSuitesSequentially(TestNG.java:1187)at org.testng.TestNG.runSuitesLocally(TestNG.java:1116)at org.testng.TestNG.runSuites(TestNG.java:1028)at org.testng.TestNG.run(TestNG.java:996)at org.testng.remote.AbstractRemoteTestNG.run(AbstractRemoteTestNG.java:114)at org.testng.remote.RemoteTestNG.initAndRun(RemoteTestNG.java:251)at org.testng.remote.RemoteTestNG.main(RemoteTestNG.java:77)]]>
            </full-stacktrace>
          </exception> <!-- java.lang.NullPointerException -->
          <reporter-output>
          </reporter-output>
        </test-method> <!-- registerUserTest -->
        <test-method status="FAIL" signature="registerUserTest(java.lang.String, java.lang.String, java.lang.String, java.lang.String, java.lang.String, java.lang.String, java.lang.String, java.lang.String, java.lang.String, java.lang.String, java.lang.String)[pri:1, instance:demo.automationtesting.in.testclasses.RegisterTest@d8355a8]" name="registerUserTest" duration-ms="3" started-at="2024-02-21T22:02:04Z" data-provider="registrationData" finished-at="2024-02-21T22:02:04Z">
          <params>
            <param index="0">
              <value>
                <![CDATA[Sachin]]>
              </value>
            </param>
            <param index="1">
              <value>
                <![CDATA[Nakhale]]>
              </value>
            </param>
            <param index="2">
              <value>
                <![CDATA[Yavatmal-445001]]>
              </value>
            </param>
            <param index="3">
              <value>
                <![CDATA[nakhalesachin12@gmail.com]]>
              </value>
            </param>
            <param index="4">
              <value>
                <![CDATA[9683646367]]>
              </value>
            </param>
            <param index="5">
              <value>
                <![CDATA[Male]]>
              </value>
            </param>
            <param index="6">
              <value>
                <![CDATA[Cricket,hockey]]>
              </value>
            </param>
            <param index="7">
              <value>
                <![CDATA[japanese]]>
              </value>
            </param>
            <param index="8">
              <value>
                <![CDATA[Android]]>
              </value>
            </param>
            <param index="9">
              <value>
                <![CDATA[Select Country]]>
              </value>
            </param>
            <param index="10">
              <value>
                <![CDATA[Japan]]>
              </value>
            </param>
          </params>
          <exception class="java.lang.NullPointerException">
            <full-stacktrace>
              <![CDATA[java.lang.NullPointerExceptionat demo.automationtesting.in.testclasses.RegisterTest.registerUserTest(RegisterTest.java:39)at sun.reflect.NativeMethodAccessorImpl.invoke0(Native Method)at sun.reflect.NativeMethodAccessorImpl.invoke(Unknown Source)at sun.reflect.DelegatingMethodAccessorImpl.invoke(Unknown Source)at java.lang.reflect.Method.invoke(Unknown Source)at org.testng.internal.MethodInvocationHelper.invokeMethod(MethodInvocationHelper.java:124)at org.testng.internal.Invoker.invokeMethod(Invoker.java:571)at org.testng.internal.Invoker.invokeTestMethod(Invoker.java:707)at org.testng.internal.Invoker.invokeTestMethods(Invoker.java:979)at org.testng.internal.TestMethodWorker.invokeTestMethods(TestMethodWorker.java:125)at org.testng.internal.TestMethodWorker.run(TestMethodWorker.java:109)at org.testng.TestRunner.privateRun(TestRunner.java:648)at org.testng.TestRunner.run(TestRunner.java:505)at org.testng.SuiteRunner.runTest(SuiteRunner.java:455)at org.testng.SuiteRunner.runSequentially(SuiteRunner.java:450)at org.testng.SuiteRunner.privateRun(SuiteRunner.java:415)at org.testng.SuiteRunner.run(SuiteRunner.java:364)at org.testng.SuiteRunnerWorker.runSuite(SuiteRunnerWorker.java:52)at org.testng.SuiteRunnerWorker.run(SuiteRunnerWorker.java:84)at org.testng.TestNG.runSuitesSequentially(TestNG.java:1187)at org.testng.TestNG.runSuitesLocally(TestNG.java:1116)at org.testng.TestNG.runSuites(TestNG.java:1028)at org.testng.TestNG.run(TestNG.java:996)at org.testng.remote.AbstractRemoteTestNG.run(AbstractRemoteTestNG.java:114)at org.testng.remote.RemoteTestNG.initAndRun(RemoteTestNG.java:251)at org.testng.remote.RemoteTestNG.main(RemoteTestNG.java:77)]]>
            </full-stacktrace>
          </exception> <!-- java.lang.NullPointerException -->
          <reporter-output>
          </reporter-output>
        </test-method> <!-- registerUserTest -->
      </class> <!-- demo.automationtesting.in.testclasses.RegisterTest -->
    </test> <!-- Default test -->
  </suite> <!-- Default suite -->
</testng-results>
